<?xml version="1.0" encoding="utf-8"?><testsuites name="pytest tests"><testsuite name="pytest" errors="0" failures="0" skipped="0" tests="30" time="9.265" timestamp="2026-07-16T13:28:54.809401+00:00" hostname="agent-env-f8aafac7-35e1-4349-9ef8-da93438da394"><testcase classname="tests.backend_test.TestAuth" name="test_admin_login" time="0.772" /><testcase classname="tests.backend_test.TestPropertyCRUD" name="test_create_property_agent_a" time="0.857" /><testcase classname="tests.backend_test.TestAuth" name="test_agent_register_and_me" time="0.656" /><testcase classname="tests.backend_test.TestPropertyCRUD" name="test_create_property_agent_b" time="0.614" /><testcase classname="tests.backend_test.TestAuth" name="test_register_duplicate_email" time="0.175" /><testcase classname="tests.backend_test.TestPropertyCRUD" name="test_my_properties_isolated" time="0.124" /><testcase classname="tests.backend_test.TestAuth" name="test_login_invalid_password" time="0.336" /><testcase classname="tests.backend_test.TestAuth" name="test_me_unauthenticated" time="0.243" /><testcase classname="tests.backend_test.TestPropertyCRUD" name="test_admin_sees_all_in_my_properties" time="0.651" /><testcase classname="tests.backend_test.TestAuth" name="test_logout" time="0.700" /><testcase classname="tests.backend_test.TestPropertyCRUD" name="test_agent_cannot_edit_others" time="0.277" /><testcase classname="tests.backend_test.TestPropertyCRUD" name="test_agent_cannot_delete_others" time="0.063" /><testcase classname="tests.backend_test.TestPropertyCRUD" name="test_owner_can_update_own" time="0.236" /><testcase classname="tests.backend_test.TestPropertyCRUD" name="test_admin_can_edit_any" time="0.100" /><testcase classname="tests.backend_test.TestEnquiryLead" name="test_setup_property" time="0.109" /><testcase classname="tests.backend_test.TestPropertyCRUD" name="test_property_unauth_create_rejected" time="0.176" /><testcase classname="tests.backend_test.TestEnquiryLead" name="test_submit_enquiry_anonymous" time="0.124" /><testcase classname="tests.backend_test.TestHealth" name="test_stats" time="0.138" /><testcase classname="tests.backend_test.TestEnquiryLead" name="test_owner_sees_lead" time="0.065" /><testcase classname="tests.backend_test.TestHealth" name="test_cities" time="0.297" /><testcase classname="tests.backend_test.TestEnquiryLead" name="test_other_agent_does_not_see_lead" time="0.398" /><testcase classname="tests.backend_test.TestHealth" name="test_categories" time="0.101" /><testcase classname="tests.backend_test.TestEnquiryLead" name="test_admin_sees_all_leads" time="0.052" /><testcase classname="tests.backend_test.TestEnquiryLead" name="test_enquiry_invalid_property" time="0.105" /><testcase classname="tests.backend_test.TestHealth" name="test_properties_list" time="0.117" /><testcase classname="tests.backend_test.TestAiSearch" name="test_ai_search_basic" time="4.786" /><testcase classname="tests.backend_test.TestMedia" name="test_media_upload_and_fetch" time="2.986" /><testcase classname="tests.backend_test.TestMedia" name="test_media_upload_unauth" time="0.185" /><testcase classname="tests.backend_test.TestMedia" name="test_media_not_found" time="0.112" /><testcase classname="tests.backend_test" name="test_zzz_cleanup" time="0.194" /></testsuite></testsuites>